<?xml version="1.0" encoding="UTF-8"?>
<!-- Generated by org.testng.reporters.JUnitXMLReporter -->
<testsuite ignored="0" hostname="Karthik" failures="0" tests="16" name="Default test" time="123.048" errors="0" timestamp="2023-12-19T14:35:28 IST">
  <testcase classname="testcases.HomePagetest" name="verify_Samsunggalaxys6" time="0.677"/>
  <testcase classname="testcases.HomePagetest" name="verify_allmenuitems" time="0.459"/>
  <testcase classname="testcases.HomePagetest" name="verify_logo" time="0.047"/>
  <testcase classname="testcases.HomePagetest" name="verify_title" time="0.008"/>
  <testcase classname="testcases.SignupPagetest" name="signup" time="4.231"/>
  <testcase classname="testcases.SignupPagetest" name="signup" time="4.207"/>
  <testcase classname="testcases.SignupPagetest" name="signup" time="4.206"/>
  <testcase classname="testcases.SignupPagetest" name="signup" time="4.227"/>
  <testcase classname="testcases.SignupPagetest" name="signup" time="4.209"/>
  <testcase classname="testcases.LogoutPagetest" name="logout_" time="10.485"/>
  <testcase classname="testcases.LogoutPagetest" name="verify_logout" time="0.006"/>
  <testcase classname="testcases.LoginPagetest" name="Loginwith_valid_credientials" time="9.218"/>
  <testcase classname="testcases.LoginPagetest" name="Loginwith_valid_credientials" time="9.231"/>
  <testcase classname="testcases.LoginPagetest" name="Loginwith_valid_credientials" time="9.231"/>
  <testcase classname="testcases.LoginPagetest" name="Loginwith_valid_credientials" time="9.228"/>
  <testcase classname="testcases.LoginPagetest" name="Loginwith_valid_credientials" time="9.216"/>
</testsuite> <!-- Default test -->
