<?xml version="1.0" encoding="UTF-8"?>
<testng-results ignored="0" total="16" passed="16" failed="0" skipped="0">
  <reporter-output>
  </reporter-output>
  <suite started-at="2023-12-19T14:33:25 IST" name="Default suite" finished-at="2023-12-19T14:35:28 IST" duration-ms="123048">
    <groups>
    </groups>
    <test started-at="2023-12-19T14:33:25 IST" name="Default test" finished-at="2023-12-19T14:35:28 IST" duration-ms="123048">
      <class name="testcases.SignupPagetest">
        <test-method is-config="true" signature="startup()[pri:0, instance:testcases.SignupPagetest@1ce24091]" started-at="2023-12-19T14:33:39 IST" name="startup" finished-at="2023-12-19T14:33:40 IST" duration-ms="1580" status="PASS">
          <reporter-output>
          </reporter-output>
        </test-method> <!-- startup -->
        <test-method signature="signup(java.lang.String,java.lang.String)[pri:0, instance:testcases.SignupPagetest@1ce24091]" started-at="2023-12-19T14:33:40 IST" name="signup" data-provider="testdata" finished-at="2023-12-19T14:33:44 IST" duration-ms="4231" status="PASS">
          <params>
            <param index="0">
              <value>
                <![CDATA[ss123]]>
              </value>
            </param>
            <param index="1">
              <value>
                <![CDATA[abc@123]]>
              </value>
            </param>
          </params>
          <reporter-output>
          </reporter-output>
        </test-method> <!-- signup -->
        <test-method is-config="true" signature="close()[pri:0, instance:testcases.SignupPagetest@1ce24091]" started-at="2023-12-19T14:33:44 IST" name="close" finished-at="2023-12-19T14:33:44 IST" duration-ms="109" status="PASS">
          <reporter-output>
          </reporter-output>
        </test-method> <!-- close -->
        <test-method is-config="true" signature="startup()[pri:0, instance:testcases.SignupPagetest@1ce24091]" started-at="2023-12-19T14:33:44 IST" name="startup" finished-at="2023-12-19T14:33:47 IST" duration-ms="2188" status="PASS">
          <reporter-output>
          </reporter-output>
        </test-method> <!-- startup -->
        <test-method signature="signup(java.lang.String,java.lang.String)[pri:0, instance:testcases.SignupPagetest@1ce24091]" started-at="2023-12-19T14:33:47 IST" name="signup" data-provider="testdata" finished-at="2023-12-19T14:33:51 IST" duration-ms="4207" status="PASS">
          <params>
            <param index="0">
              <value>
                <![CDATA[ss2]]>
              </value>
            </param>
            <param index="1">
              <value>
                <![CDATA[abc@123]]>
              </value>
            </param>
          </params>
          <reporter-output>
          </reporter-output>
        </test-method> <!-- signup -->
        <test-method is-config="true" signature="close()[pri:0, instance:testcases.SignupPagetest@1ce24091]" started-at="2023-12-19T14:33:51 IST" name="close" finished-at="2023-12-19T14:33:51 IST" duration-ms="110" status="PASS">
          <reporter-output>
          </reporter-output>
        </test-method> <!-- close -->
        <test-method is-config="true" signature="startup()[pri:0, instance:testcases.SignupPagetest@1ce24091]" started-at="2023-12-19T14:33:51 IST" name="startup" finished-at="2023-12-19T14:33:53 IST" duration-ms="2234" status="PASS">
          <reporter-output>
          </reporter-output>
        </test-method> <!-- startup -->
        <test-method signature="signup(java.lang.String,java.lang.String)[pri:0, instance:testcases.SignupPagetest@1ce24091]" started-at="2023-12-19T14:33:53 IST" name="signup" data-provider="testdata" finished-at="2023-12-19T14:33:57 IST" duration-ms="4206" status="PASS">
          <params>
            <param index="0">
              <value>
                <![CDATA[ss3]]>
              </value>
            </param>
            <param index="1">
              <value>
                <![CDATA[abc@123]]>
              </value>
            </param>
          </params>
          <reporter-output>
          </reporter-output>
        </test-method> <!-- signup -->
        <test-method is-config="true" signature="close()[pri:0, instance:testcases.SignupPagetest@1ce24091]" started-at="2023-12-19T14:33:57 IST" name="close" finished-at="2023-12-19T14:33:58 IST" duration-ms="110" status="PASS">
          <reporter-output>
          </reporter-output>
        </test-method> <!-- close -->
        <test-method is-config="true" signature="startup()[pri:0, instance:testcases.SignupPagetest@1ce24091]" started-at="2023-12-19T14:33:58 IST" name="startup" finished-at="2023-12-19T14:34:00 IST" duration-ms="2472" status="PASS">
          <reporter-output>
          </reporter-output>
        </test-method> <!-- startup -->
        <test-method signature="signup(java.lang.String,java.lang.String)[pri:0, instance:testcases.SignupPagetest@1ce24091]" started-at="2023-12-19T14:34:00 IST" name="signup" data-provider="testdata" finished-at="2023-12-19T14:34:04 IST" duration-ms="4227" status="PASS">
          <params>
            <param index="0">
              <value>
                <![CDATA[ss4]]>
              </value>
            </param>
            <param index="1">
              <value>
                <![CDATA[abc@123]]>
              </value>
            </param>
          </params>
          <reporter-output>
          </reporter-output>
        </test-method> <!-- signup -->
        <test-method is-config="true" signature="close()[pri:0, instance:testcases.SignupPagetest@1ce24091]" started-at="2023-12-19T14:34:04 IST" name="close" finished-at="2023-12-19T14:34:04 IST" duration-ms="114" status="PASS">
          <reporter-output>
          </reporter-output>
        </test-method> <!-- close -->
        <test-method is-config="true" signature="startup()[pri:0, instance:testcases.SignupPagetest@1ce24091]" started-at="2023-12-19T14:34:04 IST" name="startup" finished-at="2023-12-19T14:34:07 IST" duration-ms="2209" status="PASS">
          <reporter-output>
          </reporter-output>
        </test-method> <!-- startup -->
        <test-method signature="signup(java.lang.String,java.lang.String)[pri:0, instance:testcases.SignupPagetest@1ce24091]" started-at="2023-12-19T14:34:07 IST" name="signup" data-provider="testdata" finished-at="2023-12-19T14:34:11 IST" duration-ms="4209" status="PASS">
          <params>
            <param index="0">
              <value>
                <![CDATA[ss5]]>
              </value>
            </param>
            <param index="1">
              <value>
                <![CDATA[abc@123]]>
              </value>
            </param>
          </params>
          <reporter-output>
          </reporter-output>
        </test-method> <!-- signup -->
        <test-method is-config="true" signature="close()[pri:0, instance:testcases.SignupPagetest@1ce24091]" started-at="2023-12-19T14:34:11 IST" name="close" finished-at="2023-12-19T14:34:11 IST" duration-ms="130" status="PASS">
          <reporter-output>
          </reporter-output>
        </test-method> <!-- close -->
      </class> <!-- testcases.SignupPagetest -->
      <class name="testcases.HomePagetest">
        <test-method is-config="true" signature="startup()[pri:0, instance:testcases.HomePagetest@3fc2959f]" started-at="2023-12-19T14:33:25 IST" name="startup" finished-at="2023-12-19T14:33:28 IST" duration-ms="3190" status="PASS">
          <reporter-output>
          </reporter-output>
        </test-method> <!-- startup -->
        <test-method signature="verify_Samsunggalaxys6()[pri:0, instance:testcases.HomePagetest@3fc2959f]" started-at="2023-12-19T14:33:28 IST" name="verify_Samsunggalaxys6" finished-at="2023-12-19T14:33:29 IST" duration-ms="677" status="PASS">
          <reporter-output>
          </reporter-output>
        </test-method> <!-- verify_Samsunggalaxys6 -->
        <test-method is-config="true" signature="close()[pri:0, instance:testcases.HomePagetest@3fc2959f]" started-at="2023-12-19T14:33:29 IST" name="close" finished-at="2023-12-19T14:33:29 IST" duration-ms="83" status="PASS">
          <reporter-output>
          </reporter-output>
        </test-method> <!-- close -->
        <test-method is-config="true" signature="startup()[pri:0, instance:testcases.HomePagetest@3fc2959f]" started-at="2023-12-19T14:33:29 IST" name="startup" finished-at="2023-12-19T14:33:31 IST" duration-ms="2098" status="PASS">
          <reporter-output>
          </reporter-output>
        </test-method> <!-- startup -->
        <test-method signature="verify_allmenuitems()[pri:0, instance:testcases.HomePagetest@3fc2959f]" started-at="2023-12-19T14:33:31 IST" name="verify_allmenuitems" finished-at="2023-12-19T14:33:32 IST" duration-ms="459" status="PASS">
          <reporter-output>
          </reporter-output>
        </test-method> <!-- verify_allmenuitems -->
        <test-method is-config="true" signature="close()[pri:0, instance:testcases.HomePagetest@3fc2959f]" started-at="2023-12-19T14:33:32 IST" name="close" finished-at="2023-12-19T14:33:32 IST" duration-ms="83" status="PASS">
          <reporter-output>
          </reporter-output>
        </test-method> <!-- close -->
        <test-method is-config="true" signature="startup()[pri:0, instance:testcases.HomePagetest@3fc2959f]" started-at="2023-12-19T14:33:32 IST" name="startup" finished-at="2023-12-19T14:33:34 IST" duration-ms="2234" status="PASS">
          <reporter-output>
          </reporter-output>
        </test-method> <!-- startup -->
        <test-method signature="verify_logo()[pri:0, instance:testcases.HomePagetest@3fc2959f]" started-at="2023-12-19T14:33:34 IST" name="verify_logo" finished-at="2023-12-19T14:33:34 IST" duration-ms="47" status="PASS">
          <reporter-output>
          </reporter-output>
        </test-method> <!-- verify_logo -->
        <test-method is-config="true" signature="close()[pri:0, instance:testcases.HomePagetest@3fc2959f]" started-at="2023-12-19T14:33:34 IST" name="close" finished-at="2023-12-19T14:33:34 IST" duration-ms="77" status="PASS">
          <reporter-output>
          </reporter-output>
        </test-method> <!-- close -->
        <test-method is-config="true" signature="startup()[pri:0, instance:testcases.HomePagetest@3fc2959f]" started-at="2023-12-19T14:33:34 IST" name="startup" finished-at="2023-12-19T14:33:36 IST" duration-ms="1988" status="PASS">
          <reporter-output>
          </reporter-output>
        </test-method> <!-- startup -->
        <test-method signature="verify_title()[pri:0, instance:testcases.HomePagetest@3fc2959f]" started-at="2023-12-19T14:33:36 IST" name="verify_title" finished-at="2023-12-19T14:33:36 IST" duration-ms="8" status="PASS">
          <reporter-output>
          </reporter-output>
        </test-method> <!-- verify_title -->
        <test-method is-config="true" signature="close()[pri:0, instance:testcases.HomePagetest@3fc2959f]" started-at="2023-12-19T14:33:36 IST" name="close" finished-at="2023-12-19T14:33:36 IST" duration-ms="85" status="PASS">
          <reporter-output>
          </reporter-output>
        </test-method> <!-- close -->
      </class> <!-- testcases.HomePagetest -->
      <class name="testcases.LogoutPagetest">
        <test-method is-config="true" signature="startup()[pri:0, instance:testcases.LogoutPagetest@e3b3b2f]" started-at="2023-12-19T14:34:11 IST" name="startup" finished-at="2023-12-19T14:34:13 IST" duration-ms="2314" status="PASS">
          <reporter-output>
          </reporter-output>
        </test-method> <!-- startup -->
        <test-method signature="logout_()[pri:0, instance:testcases.LogoutPagetest@e3b3b2f]" started-at="2023-12-19T14:34:13 IST" name="logout_" finished-at="2023-12-19T14:34:24 IST" duration-ms="10485" status="PASS">
          <reporter-output>
          </reporter-output>
        </test-method> <!-- logout_ -->
        <test-method is-config="true" signature="close()[pri:0, instance:testcases.LogoutPagetest@e3b3b2f]" started-at="2023-12-19T14:34:24 IST" name="close" finished-at="2023-12-19T14:34:24 IST" duration-ms="127" status="PASS">
          <reporter-output>
          </reporter-output>
        </test-method> <!-- close -->
        <test-method is-config="true" signature="startup()[pri:0, instance:testcases.LogoutPagetest@e3b3b2f]" started-at="2023-12-19T14:34:24 IST" name="startup" finished-at="2023-12-19T14:34:26 IST" duration-ms="2320" status="PASS">
          <reporter-output>
          </reporter-output>
        </test-method> <!-- startup -->
        <test-method signature="verify_logout()[pri:0, instance:testcases.LogoutPagetest@e3b3b2f]" started-at="2023-12-19T14:34:26 IST" name="verify_logout" finished-at="2023-12-19T14:34:26 IST" duration-ms="6" status="PASS">
          <reporter-output>
          </reporter-output>
        </test-method> <!-- verify_logout -->
        <test-method is-config="true" signature="close()[pri:0, instance:testcases.LogoutPagetest@e3b3b2f]" started-at="2023-12-19T14:34:26 IST" name="close" finished-at="2023-12-19T14:34:26 IST" duration-ms="74" status="PASS">
          <reporter-output>
          </reporter-output>
        </test-method> <!-- close -->
      </class> <!-- testcases.LogoutPagetest -->
      <class name="testcases.LoginPagetest">
        <test-method is-config="true" signature="startup()[pri:0, instance:testcases.LoginPagetest@50f6ac94]" started-at="2023-12-19T14:34:28 IST" name="startup" finished-at="2023-12-19T14:34:30 IST" duration-ms="1927" status="PASS">
          <reporter-output>
          </reporter-output>
        </test-method> <!-- startup -->
        <test-method signature="Loginwith_valid_credientials(java.lang.String,java.lang.String)[pri:0, instance:testcases.LoginPagetest@50f6ac94]" started-at="2023-12-19T14:34:30 IST" name="Loginwith_valid_credientials" data-provider="testdata" finished-at="2023-12-19T14:34:39 IST" duration-ms="9218" status="PASS">
          <params>
            <param index="0">
              <value>
                <![CDATA[ss123]]>
              </value>
            </param>
            <param index="1">
              <value>
                <![CDATA[abc@123]]>
              </value>
            </param>
          </params>
          <reporter-output>
          </reporter-output>
        </test-method> <!-- Loginwith_valid_credientials -->
        <test-method is-config="true" signature="close()[pri:0, instance:testcases.LoginPagetest@50f6ac94]" started-at="2023-12-19T14:34:39 IST" name="close" finished-at="2023-12-19T14:34:40 IST" duration-ms="142" status="PASS">
          <reporter-output>
          </reporter-output>
        </test-method> <!-- close -->
        <test-method is-config="true" signature="startup()[pri:0, instance:testcases.LoginPagetest@50f6ac94]" started-at="2023-12-19T14:34:40 IST" name="startup" finished-at="2023-12-19T14:34:42 IST" duration-ms="2318" status="PASS">
          <reporter-output>
          </reporter-output>
        </test-method> <!-- startup -->
        <test-method signature="Loginwith_valid_credientials(java.lang.String,java.lang.String)[pri:0, instance:testcases.LoginPagetest@50f6ac94]" started-at="2023-12-19T14:34:42 IST" name="Loginwith_valid_credientials" data-provider="testdata" finished-at="2023-12-19T14:34:51 IST" duration-ms="9231" status="PASS">
          <params>
            <param index="0">
              <value>
                <![CDATA[ss2]]>
              </value>
            </param>
            <param index="1">
              <value>
                <![CDATA[abc@123]]>
              </value>
            </param>
          </params>
          <reporter-output>
          </reporter-output>
        </test-method> <!-- Loginwith_valid_credientials -->
        <test-method is-config="true" signature="close()[pri:0, instance:testcases.LoginPagetest@50f6ac94]" started-at="2023-12-19T14:34:51 IST" name="close" finished-at="2023-12-19T14:34:51 IST" duration-ms="93" status="PASS">
          <reporter-output>
          </reporter-output>
        </test-method> <!-- close -->
        <test-method is-config="true" signature="startup()[pri:0, instance:testcases.LoginPagetest@50f6ac94]" started-at="2023-12-19T14:34:51 IST" name="startup" finished-at="2023-12-19T14:34:54 IST" duration-ms="2494" status="PASS">
          <reporter-output>
          </reporter-output>
        </test-method> <!-- startup -->
        <test-method signature="Loginwith_valid_credientials(java.lang.String,java.lang.String)[pri:0, instance:testcases.LoginPagetest@50f6ac94]" started-at="2023-12-19T14:34:54 IST" name="Loginwith_valid_credientials" data-provider="testdata" finished-at="2023-12-19T14:35:03 IST" duration-ms="9231" status="PASS">
          <params>
            <param index="0">
              <value>
                <![CDATA[ss3]]>
              </value>
            </param>
            <param index="1">
              <value>
                <![CDATA[abc@123]]>
              </value>
            </param>
          </params>
          <reporter-output>
          </reporter-output>
        </test-method> <!-- Loginwith_valid_credientials -->
        <test-method is-config="true" signature="close()[pri:0, instance:testcases.LoginPagetest@50f6ac94]" started-at="2023-12-19T14:35:03 IST" name="close" finished-at="2023-12-19T14:35:03 IST" duration-ms="108" status="PASS">
          <reporter-output>
          </reporter-output>
        </test-method> <!-- close -->
        <test-method is-config="true" signature="startup()[pri:0, instance:testcases.LoginPagetest@50f6ac94]" started-at="2023-12-19T14:35:03 IST" name="startup" finished-at="2023-12-19T14:35:05 IST" duration-ms="2432" status="PASS">
          <reporter-output>
          </reporter-output>
        </test-method> <!-- startup -->
        <test-method signature="Loginwith_valid_credientials(java.lang.String,java.lang.String)[pri:0, instance:testcases.LoginPagetest@50f6ac94]" started-at="2023-12-19T14:35:05 IST" name="Loginwith_valid_credientials" data-provider="testdata" finished-at="2023-12-19T14:35:15 IST" duration-ms="9228" status="PASS">
          <params>
            <param index="0">
              <value>
                <![CDATA[ss4]]>
              </value>
            </param>
            <param index="1">
              <value>
                <![CDATA[abc@123]]>
              </value>
            </param>
          </params>
          <reporter-output>
          </reporter-output>
        </test-method> <!-- Loginwith_valid_credientials -->
        <test-method is-config="true" signature="close()[pri:0, instance:testcases.LoginPagetest@50f6ac94]" started-at="2023-12-19T14:35:15 IST" name="close" finished-at="2023-12-19T14:35:15 IST" duration-ms="109" status="PASS">
          <reporter-output>
          </reporter-output>
        </test-method> <!-- close -->
        <test-method is-config="true" signature="startup()[pri:0, instance:testcases.LoginPagetest@50f6ac94]" started-at="2023-12-19T14:35:15 IST" name="startup" finished-at="2023-12-19T14:35:19 IST" duration-ms="3873" status="PASS">
          <reporter-output>
          </reporter-output>
        </test-method> <!-- startup -->
        <test-method signature="Loginwith_valid_credientials(java.lang.String,java.lang.String)[pri:0, instance:testcases.LoginPagetest@50f6ac94]" started-at="2023-12-19T14:35:19 IST" name="Loginwith_valid_credientials" data-provider="testdata" finished-at="2023-12-19T14:35:28 IST" duration-ms="9216" status="PASS">
          <params>
            <param index="0">
              <value>
                <![CDATA[ss5]]>
              </value>
            </param>
            <param index="1">
              <value>
                <![CDATA[abc@123]]>
              </value>
            </param>
          </params>
          <reporter-output>
          </reporter-output>
        </test-method> <!-- Loginwith_valid_credientials -->
        <test-method is-config="true" signature="close()[pri:0, instance:testcases.LoginPagetest@50f6ac94]" started-at="2023-12-19T14:35:28 IST" name="close" finished-at="2023-12-19T14:35:28 IST" duration-ms="126" status="PASS">
          <reporter-output>
          </reporter-output>
        </test-method> <!-- close -->
      </class> <!-- testcases.LoginPagetest -->
    </test> <!-- Default test -->
  </suite> <!-- Default suite -->
</testng-results>
